2026-03-16 20:02:03,765 - ERROR -  Error al conectar: 'utf-8' codec can't decode byte 0xf3 in position 85: invalid continuation byte
2026-03-16 20:02:03,765 - INFO - 
 Conexión cerrada
2026-03-16 20:02:05,892 - ERROR -  Error al conectar: 'utf-8' codec can't decode byte 0xf3 in position 85: invalid continuation byte
2026-03-16 20:02:05,900 - INFO - 
 Conexión cerrada
2026-03-16 20:04:10,836 - ERROR -  Error al conectar: 'utf-8' codec can't decode byte 0xf3 in position 85: invalid continuation byte
2026-03-16 20:04:10,836 - INFO - 
 Conexión cerrada
2026-03-16 20:04:19,734 - ERROR -  Error al conectar: 'utf-8' codec can't decode byte 0xf3 in position 85: invalid continuation byte
2026-03-16 20:04:19,734 - INFO - 
 Conexión cerrada
2026-03-16 20:04:25,668 - ERROR -  Error al conectar: 'utf-8' codec can't decode byte 0xf3 in position 85: invalid continuation byte
2026-03-16 20:04:25,671 - INFO - 
 Conexión cerrada
2026-03-16 20:25:00,481 - ERROR -  Error al conectar: 'utf-8' codec can't decode byte 0xf3 in position 85: invalid continuation byte
2026-03-16 20:25:00,481 - INFO - 
 Conexión cerrada
2026-03-16 20:25:42,474 - ERROR -  Error al conectar: 'utf-8' codec can't decode byte 0xf3 in position 85: invalid continuation byte
2026-03-16 20:25:42,474 - INFO - 
 Conexión cerrada
2026-03-16 20:27:08,363 - INFO -  Conexión exitosa a PostgreSQL
2026-03-16 20:27:08,363 - INFO - Generando 200 vehículos...
2026-03-16 20:27:08,387 - ERROR -  Error durante la generación: no existe la relación «vehicles»
LINE 2:             INSERT INTO vehicles (
                                ^

2026-03-16 20:27:08,389 - INFO - 
 Conexión cerrada
2026-03-16 20:29:17,064 - INFO -  Conexión exitosa a PostgreSQL
2026-03-16 20:29:17,064 - INFO - Generando 200 vehículos...
2026-03-16 20:29:17,115 - INFO -  200 vehículos insertados
2026-03-16 20:29:17,115 - INFO - Generando 400 conductores...
2026-03-16 20:29:17,290 - INFO -  400 conductores insertados
2026-03-16 20:29:17,290 - INFO - Generando 50 rutas...
2026-03-16 20:29:17,293 - INFO -  50 rutas insertadas
2026-03-16 20:29:17,293 - INFO - Generando 100000 viajes...
2026-03-16 20:29:24,357 - INFO -   Progreso: 0/100000 trips insertados
2026-03-16 20:29:27,217 - INFO -   Progreso: 10000/100000 trips insertados
2026-03-16 20:29:30,095 - INFO -   Progreso: 20000/100000 trips insertados
2026-03-16 20:29:32,943 - INFO -   Progreso: 30000/100000 trips insertados
2026-03-16 20:29:35,794 - INFO -   Progreso: 40000/100000 trips insertados
2026-03-16 20:29:38,675 - INFO -   Progreso: 50000/100000 trips insertados
2026-03-16 20:29:41,499 - INFO -   Progreso: 60000/100000 trips insertados
2026-03-16 20:29:44,698 - INFO -   Progreso: 70000/100000 trips insertados
2026-03-16 20:29:48,127 - INFO -   Progreso: 80000/100000 trips insertados
2026-03-16 20:29:51,294 - INFO -   Progreso: 90000/100000 trips insertados
2026-03-16 20:29:54,534 - INFO -  100000 viajes insertados
2026-03-16 20:29:54,543 - INFO - Generando 400000 entregas...
2026-03-16 20:29:54,550 - ERROR -  Error durante la generación: error de sintaxis en o cerca de «#»
LINE 2:             #TO DO#
                    ^

2026-03-16 20:29:54,550 - INFO - 
 Conexión cerrada
2026-03-16 20:36:50,448 - INFO -  Conexión exitosa a PostgreSQL
2026-03-16 20:36:50,448 - INFO - Generando 200 vehículos...
2026-03-16 20:36:50,498 - INFO -  200 vehículos insertados
2026-03-16 20:36:50,498 - INFO - Generando 400 conductores...
2026-03-16 20:36:50,599 - INFO -  400 conductores insertados
2026-03-16 20:36:50,599 - INFO - Generando 50 rutas...
2026-03-16 20:36:50,599 - INFO -  50 rutas insertadas
2026-03-16 20:36:50,599 - INFO - Generando 100000 viajes...
2026-03-16 20:36:57,248 - INFO -   Progreso: 0/100000 trips insertados
2026-03-16 20:36:59,796 - INFO -   Progreso: 10000/100000 trips insertados
2026-03-16 20:37:02,505 - INFO -   Progreso: 20000/100000 trips insertados
2026-03-16 20:37:05,309 - INFO -   Progreso: 30000/100000 trips insertados
2026-03-16 20:37:07,882 - INFO -   Progreso: 40000/100000 trips insertados
2026-03-16 20:37:10,388 - INFO -   Progreso: 50000/100000 trips insertados
2026-03-16 20:37:12,879 - INFO -   Progreso: 60000/100000 trips insertados
2026-03-16 20:37:15,898 - INFO -   Progreso: 70000/100000 trips insertados
2026-03-16 20:37:19,080 - INFO -   Progreso: 80000/100000 trips insertados
2026-03-16 20:37:21,575 - INFO -   Progreso: 90000/100000 trips insertados
2026-03-16 20:37:23,868 - INFO -  100000 viajes insertados
2026-03-16 20:37:23,880 - INFO - Generando 400000 entregas...
2026-03-16 20:38:53,465 - ERROR -  Error durante la generación: no existe el esquema «np»
LINE 5: ...olina Castro Cuesta', 'Calle 169Z # 40-23, Cali', np.float64...
                                                             ^

2026-03-16 20:38:53,588 - INFO - 
 Conexión cerrada
2026-03-17 00:55:15,385 - INFO -  Conexión exitosa a PostgreSQL
2026-03-17 00:55:15,385 - INFO - Generando 200 vehículos...
2026-03-17 00:55:15,421 - INFO -  200 vehículos insertados
2026-03-17 00:55:15,422 - INFO - Generando 400 conductores...
2026-03-17 00:55:15,525 - INFO -  400 conductores insertados
2026-03-17 00:55:15,525 - INFO - Generando 50 rutas...
2026-03-17 00:55:15,535 - INFO -  50 rutas insertadas
2026-03-17 00:55:15,535 - INFO - Generando 100000 viajes...
2026-03-17 00:55:22,364 - INFO -   Progreso: 0/100000 trips insertados
2026-03-17 00:55:25,517 - INFO -   Progreso: 10000/100000 trips insertados
2026-03-17 00:55:28,368 - INFO -   Progreso: 20000/100000 trips insertados
2026-03-17 00:55:32,022 - INFO -   Progreso: 30000/100000 trips insertados
2026-03-17 00:55:35,518 - INFO -   Progreso: 40000/100000 trips insertados
2026-03-17 00:55:38,486 - INFO -   Progreso: 50000/100000 trips insertados
2026-03-17 00:55:41,431 - INFO -   Progreso: 60000/100000 trips insertados
2026-03-17 00:55:44,306 - INFO -   Progreso: 70000/100000 trips insertados
2026-03-17 00:55:47,729 - INFO -   Progreso: 80000/100000 trips insertados
2026-03-17 00:55:50,759 - INFO -   Progreso: 90000/100000 trips insertados
2026-03-17 00:55:53,382 - INFO -  100000 viajes insertados
2026-03-17 00:55:53,399 - INFO - Generando 400000 entregas...
2026-03-17 00:57:17,075 - INFO -   Progreso: 0/400001 deliveries insertados
2026-03-17 00:57:29,613 - INFO -   Progreso: 50000/400001 deliveries insertados
2026-03-17 00:57:43,229 - INFO -   Progreso: 100000/400001 deliveries insertados
2026-03-17 00:57:55,319 - INFO -   Progreso: 150000/400001 deliveries insertados
2026-03-17 00:58:09,381 - INFO -   Progreso: 200000/400001 deliveries insertados
2026-03-17 00:58:21,925 - INFO -   Progreso: 250000/400001 deliveries insertados
2026-03-17 00:58:35,025 - INFO -   Progreso: 300000/400001 deliveries insertados
2026-03-17 00:58:47,181 - INFO -   Progreso: 350000/400001 deliveries insertados
2026-03-17 00:58:59,271 - INFO -   Progreso: 400000/400001 deliveries insertados
2026-03-17 00:58:59,271 - INFO -  400001 entregas insertadas
2026-03-17 00:58:59,413 - INFO - Generando 5000 registros de mantenimiento...
2026-03-17 00:59:01,368 - INFO -  4920 mantenimientos insertados
2026-03-17 00:59:01,368 - INFO - 
 RESUMEN DE GENERACIÓN DE DATOS
2026-03-17 00:59:01,368 - INFO - ==================================================
2026-03-17 00:59:01,368 - INFO -   vehicles: 200 registros
2026-03-17 00:59:01,368 - INFO -   drivers: 400 registros
2026-03-17 00:59:01,384 - INFO -   routes: 48 registros
2026-03-17 00:59:01,390 - INFO -   trips: 100,000 registros
2026-03-17 00:59:01,484 - INFO -   deliveries: 400,001 registros
2026-03-17 00:59:01,486 - INFO -   maintenance: 4,920 registros
2026-03-17 00:59:01,489 - INFO - 
  TOTAL: 505,569 registros
2026-03-17 00:59:02,074 - INFO - 
  Entregas por viaje: AVG=4.0, MIN=2, MAX=6
2026-03-17 00:59:02,076 - INFO - 
 VALIDANDO CALIDAD DE DATOS...
2026-03-17 00:59:02,132 - INFO -    Integridad referencial - Trips sin vehículo válido: OK
2026-03-17 00:59:02,280 - INFO -    Integridad referencial - Deliveries sin trip válido: OK
2026-03-17 00:59:02,302 - INFO -    Consistencia temporal - Trips con arrival < departure: OK
2026-03-17 00:59:02,409 - INFO -    Consistencia de peso - Trips excediendo capacidad: OK
2026-03-17 00:59:02,414 - INFO -    Entregas sin tracking number: OK
2026-03-17 00:59:02,416 - INFO - 
 Resumen guardado en generation_summary.json
2026-03-17 00:59:02,418 - INFO - 
 Conexión cerrada
